<?xml version="1.0" encoding="UTF-8"?>
<!-- Generated by org.testng.reporters.JUnitReportReporter -->
<testsuite hostname="MSI" failures="0" tests="8" name="LoginTest" time="24.915" errors="0" timestamp="2024-09-11T11:16:52 IST" skipped="0">
  <testcase classname="LoginTest" name="LoginWithValidCredentials" time="3.109"/>
  <testcase classname="LoginTest" name="LoginWithInValidUsernameAndValidPassword" time="3.130"/>
  <testcase classname="LoginTest" name="LoginWithValidUsernameAndInValidPassword" time="3.301"/>
  <testcase classname="LoginTest" name="LoginWithInValidUsernameAndInValidPassword" time="3.297"/>
  <testcase classname="LoginTest" name="LoginWithEmptyFieldUsernameAndValidPassword" time="4.768"/>
  <testcase classname="LoginTest" name="LoginWithValidUsernameAndEmptyFieldPassword" time="2.396"/>
  <testcase classname="LoginTest" name="LoginWithEmptyUsernameAndPasswordFields" time="2.595"/>
  <testcase classname="LoginTest" name="LoginWithSpecialCharacters" time="2.319"/>
</testsuite> <!-- LoginTest -->
